<?xml version="1.0" encoding="UTF-8"?>
<!-- Generated by org.testng.reporters.JUnitReportReporter -->
<testsuite hostname="WIN-P5GUD9PD2UP" failures="0" tests="3" name="runner.TestRunner" time="26.219" errors="0" timestamp="2026-05-07T23:13:26 IST" skipped="0">
  <testcase classname="runner.TestRunner" name="runScenario" time="11.970"/>
  <testcase classname="runner.TestRunner" name="runScenario" time="9.874"/>
  <testcase classname="runner.TestRunner" name="runScenario" time="4.375"/>
</testsuite> <!-- runner.TestRunner -->
