<?xml version="1.0" encoding="UTF-8"?>
<!-- Generated by org.testng.reporters.JUnitReportReporter -->
<testsuite hostname="WIN-P5GUD9PD2UP" failures="0" tests="3" name="runner.TestRunner" time="18.495" errors="0" timestamp="2026-05-05T13:06:19 IST" skipped="0">
  <testcase classname="runner.TestRunner" name="runScenario" time="10.244"/>
  <testcase classname="runner.TestRunner" name="runScenario" time="4.580"/>
  <testcase classname="runner.TestRunner" name="runScenario" time="3.671"/>
</testsuite> <!-- runner.TestRunner -->
