<?xml version="1.0" encoding="UTF-8"?>
<testng-results ignored="0" total="3" passed="3" failed="0" skipped="0">
  <reporter-output>
  </reporter-output>
  <suite started-at="2026-05-04T18:01:08 IST" name="Default suite" finished-at="2026-05-04T18:01:24 IST" duration-ms="16506">
    <groups>
      <group name="cucumber">
        <method signature="AbstractTestNGCucumberTests.runScenario(io.cucumber.testng.PickleWrapper,io.cucumber.testng.FeatureWrapper)[pri:0, instance:runner.TestRunner@77f80c04]" name="runScenario" class="io.cucumber.testng.AbstractTestNGCucumberTests"/>
      </group> <!-- cucumber -->
    </groups>
    <test started-at="2026-05-04T18:01:08 IST" name="Default test" finished-at="2026-05-04T18:01:24 IST" duration-ms="16506">
      <class name="runner.TestRunner">
        <test-method is-config="true" signature="setUpClass(org.testng.ITestContext)[pri:0, instance:runner.TestRunner@77f80c04]" started-at="2026-05-04T18:01:08 IST" name="setUpClass" finished-at="2026-05-04T18:01:09 IST" duration-ms="1326" status="PASS">
          <params>
            <param index="0">
              <value>
                <![CDATA[org.testng.TestRunner@7b2bf745]]>
              </value>
            </param>
          </params>
          <reporter-output>
          </reporter-output>
        </test-method> <!-- setUpClass -->
        <test-method signature="runScenario(io.cucumber.testng.PickleWrapper,io.cucumber.testng.FeatureWrapper)[pri:0, instance:runner.TestRunner@77f80c04]" started-at="2026-05-04T18:01:09 IST" name="runScenario" description="Runs Cucumber Scenarios" data-provider="scenarios" finished-at="2026-05-04T18:01:16 IST" duration-ms="7236" status="PASS">
          <params>
            <param index="0">
              <value>
                <![CDATA["Login with a different valid user"]]>
              </value>
            </param>
            <param index="1">
              <value>
                <![CDATA["SauceDemo Login Functionality"]]>
              </value>
            </param>
          </params>
          <reporter-output>
          </reporter-output>
        </test-method> <!-- runScenario -->
        <test-method signature="runScenario(io.cucumber.testng.PickleWrapper,io.cucumber.testng.FeatureWrapper)[pri:0, instance:runner.TestRunner@77f80c04]" started-at="2026-05-04T18:01:16 IST" name="runScenario" description="Runs Cucumber Scenarios" data-provider="scenarios" finished-at="2026-05-04T18:01:19 IST" duration-ms="2657" status="PASS">
          <params>
            <param index="0">
              <value>
                <![CDATA["Login with a locked out user"]]>
              </value>
            </param>
            <param index="1">
              <value>
                <![CDATA["SauceDemo Login Functionality"]]>
              </value>
            </param>
          </params>
          <reporter-output>
          </reporter-output>
        </test-method> <!-- runScenario -->
        <test-method signature="runScenario(io.cucumber.testng.PickleWrapper,io.cucumber.testng.FeatureWrapper)[pri:0, instance:runner.TestRunner@77f80c04]" started-at="2026-05-04T18:01:19 IST" name="runScenario" description="Runs Cucumber Scenarios" data-provider="scenarios" finished-at="2026-05-04T18:01:24 IST" duration-ms="4674" status="PASS">
          <params>
            <param index="0">
              <value>
                <![CDATA["Successful logout"]]>
              </value>
            </param>
            <param index="1">
              <value>
                <![CDATA["SauceDemo Logout Functionality"]]>
              </value>
            </param>
          </params>
          <reporter-output>
          </reporter-output>
        </test-method> <!-- runScenario -->
        <test-method is-config="true" signature="tearDownClass()[pri:0, instance:runner.TestRunner@77f80c04]" started-at="2026-05-04T18:01:24 IST" name="tearDownClass" finished-at="2026-05-04T18:01:24 IST" duration-ms="536" status="PASS">
          <reporter-output>
          </reporter-output>
        </test-method> <!-- tearDownClass -->
      </class> <!-- runner.TestRunner -->
    </test> <!-- Default test -->
  </suite> <!-- Default suite -->
</testng-results>
