<?xml version="1.0" encoding="UTF-8"?>
<!-- Generated by org.testng.reporters.JUnitXMLReporter -->
<testsuite ignored="0" hostname="WIN-P5GUD9PD2UP" failures="1" tests="3" name="Default test" time="15.966" errors="0" timestamp="2026-05-07T23:10:21 IST">
  <testcase classname="io.cucumber.testng.AbstractTestNGCucumberTests" name="runScenario" time="5.407"/>
  <testcase classname="io.cucumber.testng.AbstractTestNGCucumberTests" name="runScenario" time="3.666">
    <failure type="java.lang.AssertionError" message="Error message not found expected [false] but found [true]">
      <![CDATA[java.lang.AssertionError: Error message not found expected [false] but found [true]
at org.testng.Assert.fail(Assert.java:111)
at org.testng.Assert.failNotEquals(Assert.java:1590)
at org.testng.Assert.assertFalse(Assert.java:79)
at steps.LoginSteps.user_should_see_error_message(LoginSteps.java:43)
at ✽.user should see a "locked out" error message(file:///C:/Users/Book4%20Pro14/SauceDemoFramework/SauceDemo-Selenium-BDD-Framework/src/test/resources/features/loginSauce.feature:15)
]]>
    </failure>
  </testcase> <!-- runScenario -->
  <testcase classname="io.cucumber.testng.AbstractTestNGCucumberTests" name="runScenario" time="3.996"/>
</testsuite> <!-- Default test -->
